{
  "RSpec": {
    "coverage": {
      "/home/gleeful-hacker-7711/tic-tac-toe-rb-online-web-sp-000/lib/tic_tac_toe.rb": [
        1,
        null,
        1,
        25,
        25,
        25,
        25,
        25,
        null,
        null,
        null,
        1,
        null,
        null,
        null,
        null,
        null,
        null,
        null,
        null,
        1,
        23,
        null,
        null,
        1,
        141,
        null,
        null,
        1,
        23,
        null,
        null,
        1,
        21,
        null,
        null,
        1,
        20,
        14,
        6,
        null,
        null,
        null,
        1,
        22,
        null,
        null,
        1,
        20,
        20,
        20,
        20,
        19,
        null,
        1,
        null,
        20,
        null,
        null,
        1,
        59,
        378,
        378,
        378,
        null,
        378,
        378,
        378,
        null,
        378,
        null,
        null,
        null,
        1,
        103,
        null,
        null,
        1,
        17,
        null,
        null,
        1,
        21,
        null,
        null,
        1,
        12,
        11,
        null,
        null,
        null,
        1,
        12,
        17,
        null,
        12,
        5,
        5,
        null,
        7,
        null,
        null,
        null,
        null,
        null,
        null,
        null
      ]
    },
    "timestamp": 1596129429
  }
}
